Parsed test spec with 2 sessions

starting permutation: s1_begin s1_insert s1_read1 s1_commit s2_begin s2_read1 s2_commit s1_begin s1_read1 s1_commit
step s1_begin: BEGIN ISOLATION LEVEL READ COMMITTED;
step s1_insert: INSERT INTO rc_test VALUES (1, 'original');
step s1_read1: SELECT * FROM rc_test;
id|val     
--+--------
 1|original
(1 row)

step s1_commit: COMMIT;
step s2_begin: BEGIN ISOLATION LEVEL READ COMMITTED;
step s2_read1: SELECT * FROM rc_test;
id|val     
--+--------
 1|original
(1 row)

step s2_commit: COMMIT;
step s1_begin: BEGIN ISOLATION LEVEL READ COMMITTED;
step s1_read1: SELECT * FROM rc_test;
id|val     
--+--------
 1|original
(1 row)

step s1_commit: COMMIT;
