Parsed test spec with 2 sessions

starting permutation: s1_begin s1_insert s1_read1 s1_commit s2_begin s2_read1 s2_commit s1_begin s1_read1 s1_commit
step s1_begin: BEGIN ISOLATION LEVEL READ COMMITTED;
s1: INFO:  [NRAM] calling function nram_slot_callbacks
s1: INFO:  [NRAM] calling function nram_tuple_insert
s1: INFO:  [NRAM] calling function nram_insert
s1: INFO:  [NRAM] [nram_insert:236] nram tid generated as 15661
s1: INFO:  [NRAM] calling function rocksengine_put
s1: INFO:  [NRAM] [find_write_set:110] write_set=(nil) length=0
s1: INFO:  [NRAM] [find_write_set:110] write_set=0x560d44581cc8 length=1
s1: INFO:  [NRAM] [nram_insert:244] ADD! key = <214872:15661>
step s1_insert: INSERT INTO rc_test VALUES (1, 'original');
s1: INFO:  [NRAM] calling function nram_estimate_rel_size
s1: INFO:  [NRAM] calling function nram_slot_callbacks
s1: INFO:  [NRAM] calling function nram_beginscan
s1: INFO:  [NRAM] calling function nram_getnextslot
s1: INFO:  [NRAM] [find_write_set:110] write_set=0x560d44581cc8 length=1
s1: INFO:  [NRAM] calling function nram_getnextslot
s1: INFO:  [NRAM] calling function nram_endscan
step s1_read1: SELECT * FROM rc_test;
id|val     
--+--------
 1|original
(1 row)

s1: INFO:  [NRAM] [nram_xact_callback:189] The callback is triggered on event PRE_COMMIT
s1: INFO:  [NRAM] [nram_xact_callback:205] Pre-validation add write locks.
s1: INFO:  [NRAM] [nram_xact_callback:230] Post-validation release write locks.
s1: INFO:  [NRAM] [nram_xact_callback:238] Validation succeed.
s1: INFO:  [NRAM] [nram_xact_callback:189] The callback is triggered on event COMMIT
s1: INFO:  [NRAM] [nram_xact_callback:250] the transaction 2678 is committed
step s1_commit: COMMIT;
step s2_begin: BEGIN ISOLATION LEVEL READ COMMITTED;
s2: INFO:  [NRAM] calling function nram_estimate_rel_size
s2: INFO:  [NRAM] calling function nram_slot_callbacks
s2: INFO:  [NRAM] calling function nram_beginscan
s2: INFO:  [NRAM] calling function nram_getnextslot
s2: INFO:  [NRAM] calling function nram_endscan
step s2_read1: SELECT * FROM rc_test;
id|val
--+---
(0 rows)

s2: INFO:  [NRAM] [nram_xact_callback:189] The callback is triggered on event PRE_COMMIT
s2: INFO:  [NRAM] [nram_xact_callback:205] Pre-validation add write locks.
s2: INFO:  [NRAM] [nram_xact_callback:230] Post-validation release write locks.
s2: INFO:  [NRAM] [nram_xact_callback:238] Validation succeed.
s2: INFO:  [NRAM] [nram_xact_callback:189] The callback is triggered on event COMMIT
s2: INFO:  [NRAM] [nram_xact_callback:250] the transaction 2679 is committed
step s2_commit: COMMIT;
step s1_begin: BEGIN ISOLATION LEVEL READ COMMITTED;
s1: INFO:  [NRAM] calling function nram_estimate_rel_size
s1: INFO:  [NRAM] calling function nram_slot_callbacks
s1: INFO:  [NRAM] calling function nram_beginscan
s1: INFO:  [NRAM] calling function nram_getnextslot
s1: INFO:  [NRAM] [find_write_set:110] write_set=(nil) length=0
s1: INFO:  [NRAM] [find_write_set:110] write_set=(nil) length=0
s1: INFO:  [NRAM] calling function nram_getnextslot
s1: INFO:  [NRAM] calling function nram_endscan
step s1_read1: SELECT * FROM rc_test;
id|val     
--+--------
 1|original
(1 row)

s1: INFO:  [NRAM] [nram_xact_callback:189] The callback is triggered on event PRE_COMMIT
s1: INFO:  [NRAM] [nram_xact_callback:205] Pre-validation add write locks.
s1: INFO:  [NRAM] [nram_xact_callback:230] Post-validation release write locks.
s1: INFO:  [NRAM] [nram_xact_callback:238] Validation succeed.
s1: INFO:  [NRAM] [nram_xact_callback:189] The callback is triggered on event COMMIT
s1: INFO:  [NRAM] [nram_xact_callback:250] the transaction 2680 is committed
step s1_commit: COMMIT;
